<?xml version="1.0" encoding="UTF-8"?>
<testng-results ignored="0" total="3" passed="2" failed="1" skipped="0">
  <reporter-output>
  </reporter-output>
  <suite started-at="2022-05-20T15:59:10Z" name="Surefire suite" finished-at="2022-05-20T16:00:57Z" duration-ms="107531">
    <groups>
    </groups>
    <test started-at="2022-05-20T15:59:10Z" name="Surefire test" finished-at="2022-05-20T16:00:57Z" duration-ms="107531">
      <class name="pack.PopTest">
        <test-method is-config="true" signature="launchobrowser()[pri:0, instance:pack.PopTest@1bb5a082]" started-at="2022-05-20T15:59:10Z" name="launchobrowser" finished-at="2022-05-20T15:59:27Z" duration-ms="17097" status="PASS">
          <reporter-output>
          </reporter-output>
        </test-method> <!-- launchobrowser -->
        <test-method signature="laptoptest()[pri:0, instance:pack.PopTest@1bb5a082]" started-at="2022-05-20T15:59:27Z" name="laptoptest" finished-at="2022-05-20T15:59:54Z" duration-ms="27374" status="PASS">
          <reporter-output>
          </reporter-output>
        </test-method> <!-- laptoptest -->
        <test-method is-config="true" signature="closebrowser()[pri:0, instance:pack.PopTest@1bb5a082]" started-at="2022-05-20T15:59:54Z" name="closebrowser" finished-at="2022-05-20T15:59:56Z" duration-ms="1405" status="PASS">
          <reporter-output>
          </reporter-output>
        </test-method> <!-- closebrowser -->
        <test-method is-config="true" signature="launchobrowser()[pri:0, instance:pack.PopTest@1bb5a082]" started-at="2022-05-20T15:59:56Z" name="launchobrowser" finished-at="2022-05-20T16:00:03Z" duration-ms="7523" status="PASS">
          <reporter-output>
          </reporter-output>
        </test-method> <!-- launchobrowser -->
        <test-method signature="spketest()[pri:0, instance:pack.PopTest@1bb5a082]" started-at="2022-05-20T16:00:03Z" name="spketest" finished-at="2022-05-20T16:00:26Z" duration-ms="22667" status="FAIL">
          <exception class="java.lang.AssertionError">
            <message>
              <![CDATA[expected and actual are not same expected [true] but found [false]]]>
            </message>
            <full-stacktrace>
              <![CDATA[java.lang.AssertionError: expected and actual are not same expected [true] but found [false]
at org.testng.Assert.fail(Assert.java:96)
at org.testng.Assert.failNotEquals(Assert.java:776)
at org.testng.Assert.assertTrue(Assert.java:44)
at pack.PopTest.spketest(PopTest.java:118)
at java.base/jdk.internal.reflect.NativeMethodAccessorImpl.invoke0(Native Method)
at java.base/jdk.internal.reflect.NativeMethodAccessorImpl.invoke(NativeMethodAccessorImpl.java:62)
at java.base/jdk.internal.reflect.DelegatingMethodAccessorImpl.invoke(DelegatingMethodAccessorImpl.java:43)
at java.base/java.lang.reflect.Method.invoke(Method.java:566)
at org.testng.internal.MethodInvocationHelper.invokeMethod(MethodInvocationHelper.java:124)
at org.testng.internal.Invoker.invokeMethod(Invoker.java:583)
at org.testng.internal.Invoker.invokeTestMethod(Invoker.java:719)
at org.testng.internal.Invoker.invokeTestMethods(Invoker.java:989)
at org.testng.internal.TestMethodWorker.invokeTestMethods(TestMethodWorker.java:125)
at org.testng.internal.TestMethodWorker.run(TestMethodWorker.java:109)
at org.testng.TestRunner.privateRun(TestRunner.java:648)
at org.testng.TestRunner.run(TestRunner.java:505)
at org.testng.SuiteRunner.runTest(SuiteRunner.java:455)
at org.testng.SuiteRunner.runSequentially(SuiteRunner.java:450)
at org.testng.SuiteRunner.privateRun(SuiteRunner.java:415)
at org.testng.SuiteRunner.run(SuiteRunner.java:364)
at org.testng.SuiteRunnerWorker.runSuite(SuiteRunnerWorker.java:52)
at org.testng.SuiteRunnerWorker.run(SuiteRunnerWorker.java:84)
at org.testng.TestNG.runSuitesSequentially(TestNG.java:1208)
at org.testng.TestNG.runSuitesLocally(TestNG.java:1137)
at org.testng.TestNG.runSuites(TestNG.java:1049)
at org.testng.TestNG.run(TestNG.java:1017)
at org.apache.maven.surefire.testng.TestNGExecutor.run(TestNGExecutor.java:135)
at org.apache.maven.surefire.testng.TestNGDirectoryTestSuite.executeSingleClass(TestNGDirectoryTestSuite.java:112)
at org.apache.maven.surefire.testng.TestNGDirectoryTestSuite.execute(TestNGDirectoryTestSuite.java:99)
at org.apache.maven.surefire.testng.TestNGProvider.invoke(TestNGProvider.java:146)
at org.apache.maven.surefire.booter.ForkedBooter.invokeProviderInSameClassLoader(ForkedBooter.java:384)
at org.apache.maven.surefire.booter.ForkedBooter.runSuitesInProcess(ForkedBooter.java:345)
at org.apache.maven.surefire.booter.ForkedBooter.execute(ForkedBooter.java:126)
at org.apache.maven.surefire.booter.ForkedBooter.main(ForkedBooter.java:418)
]]>
            </full-stacktrace>
          </exception> <!-- java.lang.AssertionError -->
          <reporter-output>
          </reporter-output>
        </test-method> <!-- spketest -->
        <test-method is-config="true" signature="closebrowser()[pri:0, instance:pack.PopTest@1bb5a082]" started-at="2022-05-20T16:00:26Z" name="closebrowser" finished-at="2022-05-20T16:00:28Z" duration-ms="1832" status="PASS">
          <reporter-output>
          </reporter-output>
        </test-method> <!-- closebrowser -->
        <test-method is-config="true" signature="launchobrowser()[pri:0, instance:pack.PopTest@1bb5a082]" started-at="2022-05-20T16:00:28Z" name="launchobrowser" finished-at="2022-05-20T16:00:34Z" duration-ms="6365" status="PASS">
          <reporter-output>
          </reporter-output>
        </test-method> <!-- launchobrowser -->
        <test-method signature="tabletest()[pri:0, instance:pack.PopTest@1bb5a082]" started-at="2022-05-20T16:00:34Z" name="tabletest" finished-at="2022-05-20T16:00:56Z" duration-ms="21754" status="PASS">
          <reporter-output>
          </reporter-output>
        </test-method> <!-- tabletest -->
        <test-method is-config="true" signature="closebrowser()[pri:0, instance:pack.PopTest@1bb5a082]" started-at="2022-05-20T16:00:56Z" name="closebrowser" finished-at="2022-05-20T16:00:57Z" duration-ms="1317" status="PASS">
          <reporter-output>
          </reporter-output>
        </test-method> <!-- closebrowser -->
      </class> <!-- pack.PopTest -->
    </test> <!-- Surefire test -->
  </suite> <!-- Surefire suite -->
</testng-results>
