<?xml version="1.0" encoding="UTF-8"?>
<testng-results ignored="0" total="3" passed="2" failed="1" skipped="0">
  <reporter-output>
  </reporter-output>
  <suite started-at="2022-05-19T16:23:26Z" name="Default suite" finished-at="2022-05-19T16:24:48Z" duration-ms="81744">
    <groups>
    </groups>
    <test started-at="2022-05-19T16:23:26Z" name="Default test" finished-at="2022-05-19T16:24:48Z" duration-ms="81744">
      <class name="pack.PopTest">
        <test-method is-config="true" signature="launchobrowser()[pri:0, instance:pack.PopTest@132e0cc]" started-at="2022-05-19T16:23:26Z" name="launchobrowser" finished-at="2022-05-19T16:23:33Z" duration-ms="6739" status="PASS">
          <reporter-output>
          </reporter-output>
        </test-method> <!-- launchobrowser -->
        <test-method signature="laptoptest()[pri:0, instance:pack.PopTest@132e0cc]" started-at="2022-05-19T16:23:33Z" name="laptoptest" finished-at="2022-05-19T16:23:55Z" duration-ms="22468" status="PASS">
          <reporter-output>
          </reporter-output>
        </test-method> <!-- laptoptest -->
        <test-method is-config="true" signature="closebrowser()[pri:0, instance:pack.PopTest@132e0cc]" started-at="2022-05-19T16:23:55Z" name="closebrowser" finished-at="2022-05-19T16:23:56Z" duration-ms="606" status="PASS">
          <reporter-output>
          </reporter-output>
        </test-method> <!-- closebrowser -->
        <test-method is-config="true" signature="launchobrowser()[pri:0, instance:pack.PopTest@132e0cc]" started-at="2022-05-19T16:23:56Z" name="launchobrowser" finished-at="2022-05-19T16:24:00Z" duration-ms="4619" status="PASS">
          <reporter-output>
          </reporter-output>
        </test-method> <!-- launchobrowser -->
        <test-method signature="spketest()[pri:0, instance:pack.PopTest@132e0cc]" started-at="2022-05-19T16:24:00Z" name="spketest" finished-at="2022-05-19T16:24:21Z" duration-ms="21050" status="FAIL">
          <exception class="java.lang.AssertionError">
            <message>
              <![CDATA[expected and actual are not same expected [true] but found [false]]]>
            </message>
            <full-stacktrace>
              <![CDATA[java.lang.AssertionError: expected and actual are not same expected [true] but found [false]
at org.testng.Assert.fail(Assert.java:96)
at org.testng.Assert.failNotEquals(Assert.java:776)
at org.testng.Assert.assertTrue(Assert.java:44)
at pack.PopTest.spketest(PopTest.java:118)
at java.base/jdk.internal.reflect.NativeMethodAccessorImpl.invoke0(Native Method)
at java.base/jdk.internal.reflect.NativeMethodAccessorImpl.invoke(NativeMethodAccessorImpl.java:77)
at java.base/jdk.internal.reflect.DelegatingMethodAccessorImpl.invoke(DelegatingMethodAccessorImpl.java:43)
at java.base/java.lang.reflect.Method.invoke(Method.java:568)
at org.testng.internal.MethodInvocationHelper.invokeMethod(MethodInvocationHelper.java:124)
at org.testng.internal.Invoker.invokeMethod(Invoker.java:583)
at org.testng.internal.Invoker.invokeTestMethod(Invoker.java:719)
at org.testng.internal.Invoker.invokeTestMethods(Invoker.java:989)
at org.testng.internal.TestMethodWorker.invokeTestMethods(TestMethodWorker.java:125)
at org.testng.internal.TestMethodWorker.run(TestMethodWorker.java:109)
at org.testng.TestRunner.privateRun(TestRunner.java:648)
at org.testng.TestRunner.run(TestRunner.java:505)
at org.testng.SuiteRunner.runTest(SuiteRunner.java:455)
at org.testng.SuiteRunner.runSequentially(SuiteRunner.java:450)
at org.testng.SuiteRunner.privateRun(SuiteRunner.java:415)
at org.testng.SuiteRunner.run(SuiteRunner.java:364)
at org.testng.SuiteRunnerWorker.runSuite(SuiteRunnerWorker.java:52)
at org.testng.SuiteRunnerWorker.run(SuiteRunnerWorker.java:84)
at org.testng.TestNG.runSuitesSequentially(TestNG.java:1208)
at org.testng.TestNG.runSuitesLocally(TestNG.java:1137)
at org.testng.TestNG.runSuites(TestNG.java:1049)
at org.testng.TestNG.run(TestNG.java:1017)
at org.testng.remote.AbstractRemoteTestNG.run(AbstractRemoteTestNG.java:115)
at org.testng.remote.RemoteTestNG.initAndRun(RemoteTestNG.java:251)
at org.testng.remote.RemoteTestNG.main(RemoteTestNG.java:77)
]]>
            </full-stacktrace>
          </exception> <!-- java.lang.AssertionError -->
          <reporter-output>
          </reporter-output>
        </test-method> <!-- spketest -->
        <test-method is-config="true" signature="closebrowser()[pri:0, instance:pack.PopTest@132e0cc]" started-at="2022-05-19T16:24:21Z" name="closebrowser" finished-at="2022-05-19T16:24:22Z" duration-ms="567" status="PASS">
          <reporter-output>
          </reporter-output>
        </test-method> <!-- closebrowser -->
        <test-method is-config="true" signature="launchobrowser()[pri:0, instance:pack.PopTest@132e0cc]" started-at="2022-05-19T16:24:22Z" name="launchobrowser" finished-at="2022-05-19T16:24:26Z" duration-ms="4469" status="PASS">
          <reporter-output>
          </reporter-output>
        </test-method> <!-- launchobrowser -->
        <test-method signature="tabletest()[pri:0, instance:pack.PopTest@132e0cc]" started-at="2022-05-19T16:24:26Z" name="tabletest" finished-at="2022-05-19T16:24:47Z" duration-ms="20567" status="PASS">
          <reporter-output>
          </reporter-output>
        </test-method> <!-- tabletest -->
        <test-method is-config="true" signature="closebrowser()[pri:0, instance:pack.PopTest@132e0cc]" started-at="2022-05-19T16:24:47Z" name="closebrowser" finished-at="2022-05-19T16:24:48Z" duration-ms="627" status="PASS">
          <reporter-output>
          </reporter-output>
        </test-method> <!-- closebrowser -->
      </class> <!-- pack.PopTest -->
    </test> <!-- Default test -->
  </suite> <!-- Default suite -->
</testng-results>
